<?xml version="1.0" encoding="UTF-8"?>
<testng-results ignored="0" total="6" passed="6" failed="0" skipped="0">
  <reporter-output>
  </reporter-output>
  <suite started-at="2022-09-22T15:18:50 CDT" name="Parallel test suite" finished-at="2022-09-22T15:19:59 CDT" duration-ms="68458">
    <groups>
    </groups>
    <test started-at="2022-09-22T15:18:50 CDT" name="FirefoxTests" finished-at="2022-09-22T15:19:21 CDT" duration-ms="31072">
      <class name="rahulshettyacademy.tests.SubmitOrderTest">
        <test-method is-config="true" signature="launchApplication(java.lang.String)[pri:0, instance:rahulshettyacademy.tests.SubmitOrderTest@29626d54]" started-at="2022-09-22T15:18:50 CDT" name="launchApplication" finished-at="2022-09-22T15:19:10 CDT" duration-ms="20113" status="PASS">
          <params>
            <param index="0">
              <value>
                <![CDATA[firefox]]>
              </value>
            </param>
          </params>
          <reporter-output>
          </reporter-output>
        </test-method> <!-- launchApplication -->
        <test-method signature="submitOrder()[pri:0, instance:rahulshettyacademy.tests.SubmitOrderTest@29626d54]" started-at="2022-09-22T15:19:10 CDT" name="submitOrder" finished-at="2022-09-22T15:19:21 CDT" duration-ms="10192" status="PASS">
          <reporter-output>
          </reporter-output>
        </test-method> <!-- submitOrder -->
        <test-method is-config="true" signature="tearDown()[pri:0, instance:rahulshettyacademy.tests.SubmitOrderTest@29626d54]" started-at="2022-09-22T15:19:21 CDT" name="tearDown" finished-at="2022-09-22T15:19:21 CDT" duration-ms="722" status="PASS">
          <reporter-output>
          </reporter-output>
        </test-method> <!-- tearDown -->
      </class> <!-- rahulshettyacademy.tests.SubmitOrderTest -->
      <class name="rahulshettyacademy.tests.ErrorValidations">
        <test-method is-config="true" signature="launchApplication(java.lang.String)[pri:0, instance:rahulshettyacademy.tests.ErrorValidations@5a63f509]" started-at="2022-09-22T15:18:50 CDT" name="launchApplication" finished-at="2022-09-22T15:19:10 CDT" duration-ms="19977" status="PASS">
          <params>
            <param index="0">
              <value>
                <![CDATA[firefox]]>
              </value>
            </param>
          </params>
          <reporter-output>
          </reporter-output>
        </test-method> <!-- launchApplication -->
        <test-method signature="invalidEmail()[pri:0, instance:rahulshettyacademy.tests.ErrorValidations@5a63f509]" started-at="2022-09-22T15:19:10 CDT" name="invalidEmail" finished-at="2022-09-22T15:19:11 CDT" duration-ms="842" status="PASS">
          <reporter-output>
          </reporter-output>
        </test-method> <!-- invalidEmail -->
        <test-method is-config="true" signature="tearDown()[pri:0, instance:rahulshettyacademy.tests.ErrorValidations@5a63f509]" started-at="2022-09-22T15:19:11 CDT" name="tearDown" finished-at="2022-09-22T15:19:12 CDT" duration-ms="748" status="PASS">
          <reporter-output>
          </reporter-output>
        </test-method> <!-- tearDown -->
      </class> <!-- rahulshettyacademy.tests.ErrorValidations -->
    </test> <!-- FirefoxTests -->
    <test started-at="2022-09-22T15:19:21 CDT" name="EdgeTests" finished-at="2022-09-22T15:19:44 CDT" duration-ms="22845">
      <class name="rahulshettyacademy.tests.SubmitOrderTest">
        <test-method is-config="true" signature="launchApplication(java.lang.String)[pri:0, instance:rahulshettyacademy.tests.SubmitOrderTest@481a996b]" started-at="2022-09-22T15:19:21 CDT" name="launchApplication" finished-at="2022-09-22T15:19:34 CDT" duration-ms="12678" status="PASS">
          <params>
            <param index="0">
              <value>
                <![CDATA[MicrosoftEdge]]>
              </value>
            </param>
          </params>
          <reporter-output>
          </reporter-output>
        </test-method> <!-- launchApplication -->
        <test-method signature="submitOrder()[pri:0, instance:rahulshettyacademy.tests.SubmitOrderTest@481a996b]" started-at="2022-09-22T15:19:34 CDT" name="submitOrder" finished-at="2022-09-22T15:19:44 CDT" duration-ms="9979" status="PASS">
          <reporter-output>
          </reporter-output>
        </test-method> <!-- submitOrder -->
        <test-method is-config="true" signature="tearDown()[pri:0, instance:rahulshettyacademy.tests.SubmitOrderTest@481a996b]" started-at="2022-09-22T15:19:44 CDT" name="tearDown" finished-at="2022-09-22T15:19:44 CDT" duration-ms="185" status="PASS">
          <reporter-output>
          </reporter-output>
        </test-method> <!-- tearDown -->
      </class> <!-- rahulshettyacademy.tests.SubmitOrderTest -->
      <class name="rahulshettyacademy.tests.ErrorValidations">
        <test-method is-config="true" signature="launchApplication(java.lang.String)[pri:0, instance:rahulshettyacademy.tests.ErrorValidations@3d51f06e]" started-at="2022-09-22T15:19:21 CDT" name="launchApplication" finished-at="2022-09-22T15:19:35 CDT" duration-ms="13234" status="PASS">
          <params>
            <param index="0">
              <value>
                <![CDATA[MicrosoftEdge]]>
              </value>
            </param>
          </params>
          <reporter-output>
          </reporter-output>
        </test-method> <!-- launchApplication -->
        <test-method signature="invalidEmail()[pri:0, instance:rahulshettyacademy.tests.ErrorValidations@3d51f06e]" started-at="2022-09-22T15:19:35 CDT" name="invalidEmail" finished-at="2022-09-22T15:19:35 CDT" duration-ms="786" status="PASS">
          <reporter-output>
          </reporter-output>
        </test-method> <!-- invalidEmail -->
        <test-method is-config="true" signature="tearDown()[pri:0, instance:rahulshettyacademy.tests.ErrorValidations@3d51f06e]" started-at="2022-09-22T15:19:35 CDT" name="tearDown" finished-at="2022-09-22T15:19:36 CDT" duration-ms="180" status="PASS">
          <reporter-output>
          </reporter-output>
        </test-method> <!-- tearDown -->
      </class> <!-- rahulshettyacademy.tests.ErrorValidations -->
    </test> <!-- EdgeTests -->
    <test started-at="2022-09-22T15:19:44 CDT" name="ChromeTests" finished-at="2022-09-22T15:19:59 CDT" duration-ms="14512">
      <class name="rahulshettyacademy.tests.SubmitOrderTest">
        <test-method is-config="true" signature="launchApplication(java.lang.String)[pri:0, instance:rahulshettyacademy.tests.SubmitOrderTest@41fbdac4]" started-at="2022-09-22T15:19:44 CDT" name="launchApplication" finished-at="2022-09-22T15:19:49 CDT" duration-ms="5281" status="PASS">
          <params>
            <param index="0">
              <value>
                <![CDATA[chrome]]>
              </value>
            </param>
          </params>
          <reporter-output>
          </reporter-output>
        </test-method> <!-- launchApplication -->
        <test-method signature="submitOrder()[pri:0, instance:rahulshettyacademy.tests.SubmitOrderTest@41fbdac4]" started-at="2022-09-22T15:19:49 CDT" name="submitOrder" finished-at="2022-09-22T15:19:59 CDT" duration-ms="9071" status="PASS">
          <reporter-output>
          </reporter-output>
        </test-method> <!-- submitOrder -->
        <test-method is-config="true" signature="tearDown()[pri:0, instance:rahulshettyacademy.tests.SubmitOrderTest@41fbdac4]" started-at="2022-09-22T15:19:59 CDT" name="tearDown" finished-at="2022-09-22T15:19:59 CDT" duration-ms="159" status="PASS">
          <reporter-output>
          </reporter-output>
        </test-method> <!-- tearDown -->
      </class> <!-- rahulshettyacademy.tests.SubmitOrderTest -->
      <class name="rahulshettyacademy.tests.ErrorValidations">
        <test-method is-config="true" signature="launchApplication(java.lang.String)[pri:0, instance:rahulshettyacademy.tests.ErrorValidations@3c407114]" started-at="2022-09-22T15:19:44 CDT" name="launchApplication" finished-at="2022-09-22T15:19:49 CDT" duration-ms="5033" status="PASS">
          <params>
            <param index="0">
              <value>
                <![CDATA[chrome]]>
              </value>
            </param>
          </params>
          <reporter-output>
          </reporter-output>
        </test-method> <!-- launchApplication -->
        <test-method signature="invalidEmail()[pri:0, instance:rahulshettyacademy.tests.ErrorValidations@3c407114]" started-at="2022-09-22T15:19:49 CDT" name="invalidEmail" finished-at="2022-09-22T15:19:50 CDT" duration-ms="444" status="PASS">
          <reporter-output>
          </reporter-output>
        </test-method> <!-- invalidEmail -->
        <test-method is-config="true" signature="tearDown()[pri:0, instance:rahulshettyacademy.tests.ErrorValidations@3c407114]" started-at="2022-09-22T15:19:50 CDT" name="tearDown" finished-at="2022-09-22T15:19:50 CDT" duration-ms="81" status="PASS">
          <reporter-output>
          </reporter-output>
        </test-method> <!-- tearDown -->
      </class> <!-- rahulshettyacademy.tests.ErrorValidations -->
    </test> <!-- ChromeTests -->
  </suite> <!-- Parallel test suite -->
</testng-results>
